<?xml version="1.0" encoding="UTF-8"?>
<!-- Generated by org.testng.reporters.JUnitReportReporter -->
<testsuite hostname="FB-72" failures="0" tests="2" name="corporateModuleTestCases.CorporateUpdating" time="9.777" errors="0" timestamp="2021-10-03T12:56:17 EET" skipped="0">
  <testcase classname="corporateModuleTestCases.CorporateUpdating" name="superadminLogin" time="2.272"/>
  <system-out/>
  <testcase classname="corporateModuleTestCases.CorporateUpdating" name="corporateUpdating" time="7.505"/>
  <system-out/>
</testsuite> <!-- corporateModuleTestCases.CorporateUpdating -->
